==62651== Memcheck, a memory error detector
==62651== Copyright (C) 2002-2022, and GNU GPL'd, by Julian Seward et al.
==62651== Using Valgrind-3.22.0 and LibVEX; rerun with -h for copyright info
==62651== Command: ./build/debug/apprtsm
==62651== Parent PID: 60845
==62651== 
==62651== Conditional jump or move depends on uninitialised value(s)
==62651==    at 0x11883B: PSystemMonitor::setCache(int) (psystemmonitor.cpp:50)
==62651==    by 0x118A94: PSystemMonitor::updateSystemInfo() (psystemmonitor.cpp:90)
==62651==    by 0x118463: PSystemMonitor::PSystemMonitor(UCSystemInfoReader*, QObject*) (psystemmonitor.cpp:17)
==62651==    by 0x11023E: main (main.cpp:32)
==62651==  Uninitialised value was created by a stack allocation
==62651==    at 0x112B43: ADLinuxSystemInfoReader::readCpuInfoFromProc() (adlinuxsysteminforeader.cpp:31)
==62651== 
==62651== Conditional jump or move depends on uninitialised value(s)
==62651==    at 0x1188E3: PSystemMonitor::setPower(double) (psystemmonitor.cpp:76)
==62651==    by 0x118AAF: PSystemMonitor::updateSystemInfo() (psystemmonitor.cpp:91)
==62651==    by 0x118463: PSystemMonitor::PSystemMonitor(UCSystemInfoReader*, QObject*) (psystemmonitor.cpp:17)
==62651==    by 0x11023E: main (main.cpp:32)
==62651==  Uninitialised value was created by a stack allocation
==62651==    at 0x112B43: ADLinuxSystemInfoReader::readCpuInfoFromProc() (adlinuxsysteminforeader.cpp:31)
==62651== 
==62651== Conditional jump or move depends on uninitialised value(s)
==62651==    at 0x1188EA: PSystemMonitor::setPower(double) (psystemmonitor.cpp:76)
==62651==    by 0x118AAF: PSystemMonitor::updateSystemInfo() (psystemmonitor.cpp:91)
==62651==    by 0x118463: PSystemMonitor::PSystemMonitor(UCSystemInfoReader*, QObject*) (psystemmonitor.cpp:17)
==62651==    by 0x11023E: main (main.cpp:32)
==62651==  Uninitialised value was created by a stack allocation
==62651==    at 0x112B43: ADLinuxSystemInfoReader::readCpuInfoFromProc() (adlinuxsysteminforeader.cpp:31)
==62651== 
==62651== Conditional jump or move depends on uninitialised value(s)
==62651==    at 0x14FBBDA5: ???
==62651==    by 0x101BC29F: ???
==62651== 
==62651== Conditional jump or move depends on uninitialised value(s)
==62651==    at 0x14FBBD7F: ???
==62651==    by 0x101D7CEF: ???
==62651== 
==62651== Conditional jump or move depends on uninitialised value(s)
==62651==    at 0x14FBBD7F: ???
==62651==    by 0x101EE7EF: ???
==62651== 
==62651== Conditional jump or move depends on uninitialised value(s)
==62651==    at 0x14FBBD7F: ???
==62651==    by 0x1020495F: ???
==62651== 
==62651== Conditional jump or move depends on uninitialised value(s)
==62651==    at 0x14FBBD7F: ???
==62651==    by 0x10169B4F: ???
==62651== 
==62651== Conditional jump or move depends on uninitialised value(s)
==62651==    at 0x14FBBD7F: ???
==62651==    by 0x1016F6AF: ???
==62651== 
==62651== Conditional jump or move depends on uninitialised value(s)
==62651==    at 0x14FBBD7F: ???
==62651==    by 0x1037C25F: ???
==62651== 
==62651== Conditional jump or move depends on uninitialised value(s)
==62651==    at 0x14FBBD7F: ???
==62651==    by 0x103CA22F: ???
==62651== 
==62651== Conditional jump or move depends on uninitialised value(s)
==62651==    at 0x14FBBD7F: ???
==62651==    by 0x103EEDAF: ???
==62651== 
==62651== Conditional jump or move depends on uninitialised value(s)
==62651==    at 0x14FBBD7F: ???
==62651==    by 0x1020A2CF: ???
==62651== 
==62651== Conditional jump or move depends on uninitialised value(s)
==62651==    at 0x14FBBD7F: ???
==62651==    by 0x1041AA9F: ???
==62651== 
==62651== Conditional jump or move depends on uninitialised value(s)
==62651==    at 0x14FBBD7F: ???
==62651==    by 0x1043BDAF: ???
==62651== 
==62651== Conditional jump or move depends on uninitialised value(s)
==62651==    at 0x14FBBD7F: ???
==62651==    by 0x1047B38F: ???
==62651== 
==62651== Conditional jump or move depends on uninitialised value(s)
==62651==    at 0x14FBBD7F: ???
==62651==    by 0x1048F0BF: ???
==62651== 
==62651== Conditional jump or move depends on uninitialised value(s)
==62651==    at 0x14FBBD7F: ???
==62651==    by 0x104A426F: ???
==62651== 
==62651== Conditional jump or move depends on uninitialised value(s)
==62651==    at 0x14FBBD7F: ???
==62651==    by 0x104B57BF: ???
==62651== 
==62651== Conditional jump or move depends on uninitialised value(s)
==62651==    at 0x14FBBD7F: ???
==62651==    by 0x1056125F: ???
==62651== 
==62651== Conditional jump or move depends on uninitialised value(s)
==62651==    at 0x14FBBD7F: ???
==62651==    by 0x10593D7F: ???
==62651== 
==62651== Conditional jump or move depends on uninitialised value(s)
==62651==    at 0x14FBBD7F: ???
==62651==    by 0x105C77AF: ???
==62651== 
==62651== Conditional jump or move depends on uninitialised value(s)
==62651==    at 0x14FBBD7F: ???
==62651==    by 0x1066B94F: ???
==62651== 
==62651== Conditional jump or move depends on uninitialised value(s)
==62651==    at 0x14FBBD7F: ???
==62651==    by 0x1068040F: ???
==62651== 
==62651== Conditional jump or move depends on uninitialised value(s)
==62651==    at 0x14FBBD7F: ???
==62651==    by 0x106813AF: ???
==62651== 
==62651== Conditional jump or move depends on uninitialised value(s)
==62651==    at 0x14FBBD7F: ???
==62651==    by 0x10525CFF: ???
==62651== 
==62651== Conditional jump or move depends on uninitialised value(s)
==62651==    at 0x14FBBD7F: ???
==62651==    by 0x106F232F: ???
==62651== 
==62651== Conditional jump or move depends on uninitialised value(s)
==62651==    at 0x14FBBD7F: ???
==62651==    by 0x1052401F: ???
==62651== 
==62651== Conditional jump or move depends on uninitialised value(s)
==62651==    at 0x14FBBDA5: ???
==62651==    by 0x1073ABDF: ???
==62651== 
==62651== Conditional jump or move depends on uninitialised value(s)
==62651==    at 0x14FBBD7F: ???
==62651==    by 0x10710F8F: ???
==62651== 
==62651== Conditional jump or move depends on uninitialised value(s)
==62651==    at 0x14FBBD7F: ???
==62651==    by 0x100EE76F: ???
==62651== 
==62651== Conditional jump or move depends on uninitialised value(s)
==62651==    at 0x14FBBD7F: ???
==62651==    by 0x1062D4EF: ???
==62651== 
==62651== Conditional jump or move depends on uninitialised value(s)
==62651==    at 0x14FBBD7F: ???
==62651==    by 0x1082E2EF: ???
==62651== 
==62651== Conditional jump or move depends on uninitialised value(s)
==62651==    at 0x14FBBD7F: ???
==62651==    by 0x1082D71F: ???
==62651== 
==62651== Conditional jump or move depends on uninitialised value(s)
==62651==    at 0x14FBBD7F: ???
==62651==    by 0x1087C18F: ???
==62651== 
==62651== Conditional jump or move depends on uninitialised value(s)
==62651==    at 0x14FBBD7F: ???
==62651==    by 0x1087BA3F: ???
==62651== 
==62651== Conditional jump or move depends on uninitialised value(s)
==62651==    at 0x14FBBD7F: ???
==62651==    by 0x108A1DFF: ???
==62651== 
==62651== Conditional jump or move depends on uninitialised value(s)
==62651==    at 0x14FBBD7F: ???
==62651==    by 0x107A242F: ???
==62651== 
==62651== Conditional jump or move depends on uninitialised value(s)
==62651==    at 0x14FBBD7F: ???
==62651==    by 0x1010308F: ???
==62651== 
==62651== Conditional jump or move depends on uninitialised value(s)
==62651==    at 0x14FBBD7F: ???
==62651==    by 0x1010621F: ???
==62651== 
==62651== Conditional jump or move depends on uninitialised value(s)
==62651==    at 0x14FBBD7F: ???
==62651==    by 0x10930C9F: ???
==62651== 
==62651== Conditional jump or move depends on uninitialised value(s)
==62651==    at 0x14FBBDA5: ???
==62651==    by 0x10979CAF: ???
==62651== 
==62651== Conditional jump or move depends on uninitialised value(s)
==62651==    at 0x14FBBDA5: ???
==62651==    by 0x109BDE7F: ???
==62651== 
==62651== Conditional jump or move depends on uninitialised value(s)
==62651==    at 0x14FBBD7F: ???
==62651==    by 0x109BD9DF: ???
==62651== 
==62651== Conditional jump or move depends on uninitialised value(s)
==62651==    at 0x14FBBDA5: ???
==62651==    by 0x109EA62F: ???
==62651== 
==62651== Conditional jump or move depends on uninitialised value(s)
==62651==    at 0x14FBBD7F: ???
==62651==    by 0x101371FF: ???
==62651== 
==62651== Conditional jump or move depends on uninitialised value(s)
==62651==    at 0x14FBBD7F: ???
==62651==    by 0x10A014EF: ???
==62651== 
==62651== Conditional jump or move depends on uninitialised value(s)
==62651==    at 0x14FBBDA5: ???
==62651==    by 0x100EF57F: ???
==62651== 
==62651== Conditional jump or move depends on uninitialised value(s)
==62651==    at 0x14FBBD7F: ???
==62651==    by 0x10A5976F: ???
==62651== 
==62651== Conditional jump or move depends on uninitialised value(s)
==62651==    at 0x14FBBD7F: ???
==62651==    by 0x100F3ABF: ???
==62651== 
==62651== Conditional jump or move depends on uninitialised value(s)
==62651==    at 0x14FBBDA5: ???
==62651==    by 0x105CAE9F: ???
==62651== 
==62651== Conditional jump or move depends on uninitialised value(s)
==62651==    at 0x14FBBD7F: ???
==62651==    by 0x10AF57BF: ???
==62651== 
==62651== Conditional jump or move depends on uninitialised value(s)
==62651==    at 0x14FBBDA5: ???
==62651==    by 0x99A4B1F: ???
==62651== 
==62651== Conditional jump or move depends on uninitialised value(s)
==62651==    at 0x14FBBD7F: ???
==62651==    by 0x99F86AF: ???
==62651== 
==62651== Conditional jump or move depends on uninitialised value(s)
==62651==    at 0x14FBBD7F: ???
==62651==    by 0x9A34C6F: ???
==62651== 
==62651== Conditional jump or move depends on uninitialised value(s)
==62651==    at 0x14FBBD7F: ???
==62651==    by 0x9A5BF7F: ???
==62651== 
==62651== Conditional jump or move depends on uninitialised value(s)
==62651==    at 0x14FBBD7F: ???
==62651==    by 0x9A96BCF: ???
==62651== 
==62651== Conditional jump or move depends on uninitialised value(s)
==62651==    at 0x14FBBD7F: ???
==62651==    by 0x9A8FAAF: ???
==62651== 
==62651== Conditional jump or move depends on uninitialised value(s)
==62651==    at 0x14FBBD7F: ???
==62651==    by 0x9A9186F: ???
==62651== 
==62651== Conditional jump or move depends on uninitialised value(s)
==62651==    at 0x14FBBD7F: ???
==62651==    by 0x9ACC2BF: ???
==62651== 
==62651== Conditional jump or move depends on uninitialised value(s)
==62651==    at 0x14FBBD7F: ???
==62651==    by 0x9B1320F: ???
==62651== 
==62651== Conditional jump or move depends on uninitialised value(s)
==62651==    at 0x14FBBD7F: ???
==62651==    by 0x9B8005F: ???
==62651== 
==62651== Conditional jump or move depends on uninitialised value(s)
==62651==    at 0x14FBBD7F: ???
==62651==    by 0x10BC8BEF: ???
==62651== 
==62651== Conditional jump or move depends on uninitialised value(s)
==62651==    at 0x14FBBD7F: ???
==62651==    by 0x10C7D04F: ???
==62651== 
==62651== Conditional jump or move depends on uninitialised value(s)
==62651==    at 0x14FBBD7F: ???
==62651==    by 0x10E299AF: ???
==62651== 
==62651== Conditional jump or move depends on uninitialised value(s)
==62651==    at 0x14FBBD7F: ???
==62651==    by 0x9BF66EF: ???
==62651== 
==62651== Conditional jump or move depends on uninitialised value(s)
==62651==    at 0x14FBBD7F: ???
==62651==    by 0x9C0147F: ???
==62651== 
==62651== Conditional jump or move depends on uninitialised value(s)
==62651==    at 0x14FBBD7F: ???
==62651==    by 0x10F265CF: ???
==62651== 
==62651== Conditional jump or move depends on uninitialised value(s)
==62651==    at 0x14FBBD7F: ???
==62651==    by 0x10FFB66F: ???
==62651== 
==62651== Conditional jump or move depends on uninitialised value(s)
==62651==    at 0x14FBBD7F: ???
==62651==    by 0x9C5C02F: ???
==62651== 
==62651== Conditional jump or move depends on uninitialised value(s)
==62651==    at 0x14FBBD7F: ???
==62651==    by 0x9C6C7BF: ???
==62651== 
==62651== Conditional jump or move depends on uninitialised value(s)
==62651==    at 0x14FBBD7F: ???
==62651==    by 0x9C9355F: ???
==62651== 
==62651== Conditional jump or move depends on uninitialised value(s)
==62651==    at 0x14FBBD7F: ???
==62651==    by 0x110F936F: ???
==62651== 
==62651== Conditional jump or move depends on uninitialised value(s)
==62651==    at 0x14FBBD7F: ???
==62651==    by 0x1112749F: ???
==62651== 
==62651== Conditional jump or move depends on uninitialised value(s)
==62651==    at 0x14FBBD7F: ???
==62651==    by 0x9C884DF: ???
==62651== 
==62651== Conditional jump or move depends on uninitialised value(s)
==62651==    at 0x14FBBD7F: ???
==62651==    by 0x1106943F: ???
==62651== 
==62651== Conditional jump or move depends on uninitialised value(s)
==62651==    at 0x14FBBD7F: ???
==62651==    by 0x9C6F82F: ???
==62651== 
==62651== Conditional jump or move depends on uninitialised value(s)
==62651==    at 0x14FBBDA5: ???
==62651==    by 0x10FF823F: ???
==62651== 
==62651== Conditional jump or move depends on uninitialised value(s)
==62651==    at 0x14FBBD7F: ???
==62651==    by 0x9C4E48F: ???
==62651== 
==62651== Conditional jump or move depends on uninitialised value(s)
==62651==    at 0x14FBBD7F: ???
==62651==    by 0x1112943F: ???
==62651== 
==62651== Conditional jump or move depends on uninitialised value(s)
==62651==    at 0x14FBBD7F: ???
==62651==    by 0x9C3EDEF: ???
==62651== 
==62651== Conditional jump or move depends on uninitialised value(s)
==62651==    at 0x14FBBD7F: ???
==62651==    by 0x9C0DB8F: ???
==62651== 
==62651== Conditional jump or move depends on uninitialised value(s)
==62651==    at 0x14FBBD7F: ???
==62651==    by 0x9C1404F: ???
==62651== 
==62651== Conditional jump or move depends on uninitialised value(s)
==62651==    at 0x14FBBD7F: ???
==62651==    by 0x10E83EBF: ???
==62651== 
==62651== Conditional jump or move depends on uninitialised value(s)
==62651==    at 0x14FBBD7F: ???
==62651==    by 0x10E836BF: ???
==62651== 
==62651== Conditional jump or move depends on uninitialised value(s)
==62651==    at 0x14FBBD7F: ???
==62651==    by 0x10E5F38F: ???
==62651== 
==62651== Conditional jump or move depends on uninitialised value(s)
==62651==    at 0x14FBBD7F: ???
==62651==    by 0x10E06A3F: ???
==62651== 
==62651== Conditional jump or move depends on uninitialised value(s)
==62651==    at 0x14FBBD7F: ???
==62651==    by 0x9BC0D5F: ???
==62651== 
==62651== Conditional jump or move depends on uninitialised value(s)
==62651==    at 0x14FBBD7F: ???
==62651==    by 0x10D8535F: ???
==62651== 
==62651== Conditional jump or move depends on uninitialised value(s)
==62651==    at 0x14FBBD7F: ???
==62651==    by 0x10D79A3F: ???
==62651== 
==62651== Conditional jump or move depends on uninitialised value(s)
==62651==    at 0x14FBBDA5: ???
==62651==    by 0x9AE9FBF: ???
==62651== 
==62651== Conditional jump or move depends on uninitialised value(s)
==62651==    at 0x14FBBDA5: ???
==62651==    by 0x9B3957F: ???
==62651== 
==62651== Conditional jump or move depends on uninitialised value(s)
==62651==    at 0x14FBBD7F: ???
==62651==    by 0x10C7656F: ???
==62651== 
==62651== Conditional jump or move depends on uninitialised value(s)
==62651==    at 0x14FBBDA5: ???
==62651==    by 0x9AE6BAF: ???
==62651== 
==62651== Conditional jump or move depends on uninitialised value(s)
==62651==    at 0x14FBBD7F: ???
==62651==    by 0x9AE66CF: ???
==62651== 
==62651== Conditional jump or move depends on uninitialised value(s)
==62651==    at 0x14FBBD7F: ???
==62651==    by 0x9AEDB2F: ???
==62651== 
==62651== Conditional jump or move depends on uninitialised value(s)
==62651==    at 0x14FBBDA5: ???
==62651==    by 0x9A54AAF: ???
==62651== 
==62651== Conditional jump or move depends on uninitialised value(s)
==62651==    at 0x14FBBD7F: ???
==62651==    by 0x9A0F1CF: ???
==62651== 
==62651== Conditional jump or move depends on uninitialised value(s)
==62651==    at 0x14FBBD7F: ???
==62651==    by 0x1013107F: ???
==62651== 
==62651== Conditional jump or move depends on uninitialised value(s)
==62651==    at 0x14FBBDA5: ???
==62651==    by 0x1030C88F: ???
==62651== 
==62651== 
==62651== More than 100 errors detected.  Subsequent errors
==62651== will still be recorded, but in less detail than before.
==62651== Conditional jump or move depends on uninitialised value(s)
==62651==    at 0x14FBBD7F: ???
==62651==    by 0x103295CF: ???
==62651== 
==62651== Conditional jump or move depends on uninitialised value(s)
==62651==    at 0x14FBBDA5: ???
==62651==    by 0x11134EDF: ???
==62651== 
==62651== Conditional jump or move depends on uninitialised value(s)
==62651==    at 0x14FBBD7F: ???
==62651==    by 0x1028493F: ???
==62651== 
==62651== Conditional jump or move depends on uninitialised value(s)
==62651==    at 0x14FBBD7F: ???
==62651==    by 0x10246B3F: ???
==62651== 
==62651== Conditional jump or move depends on uninitialised value(s)
==62651==    at 0x14FBBD7F: ???
==62651==    by 0x1024707F: ???
==62651== 
==62651== Conditional jump or move depends on uninitialised value(s)
==62651==    at 0x14FBBD7F: ???
==62651==    by 0xF3AEB3F: ???
==62651== 
==62651== Conditional jump or move depends on uninitialised value(s)
==62651==    at 0x14FBBD7F: ???
==62651==    by 0xF78857F: ???
==62651== 
==62651== Conditional jump or move depends on uninitialised value(s)
==62651==    at 0x14FBBD7F: ???
==62651==    by 0xFBFDD4F: ???
==62651== 
==62651== Conditional jump or move depends on uninitialised value(s)
==62651==    at 0x14FBBD7F: ???
==62651==    by 0xF651C0F: ???
==62651== 
==62651== Conditional jump or move depends on uninitialised value(s)
==62651==    at 0x14FBBD7F: ???
==62651==    by 0xFA5A2DF: ???
==62651== 
==62651== Conditional jump or move depends on uninitialised value(s)
==62651==    at 0x14FBBD7F: ???
==62651==    by 0xFD6F4BF: ???
==62651== 
==62651== Conditional jump or move depends on uninitialised value(s)
==62651==    at 0x14FBBD7F: ???
==62651==    by 0x100F6C5F: ???
==62651== 
==62651== Conditional jump or move depends on uninitialised value(s)
==62651==    at 0x14FBBD7F: ???
==62651==    by 0xFD6B45F: ???
==62651== 
==62651== Conditional jump or move depends on uninitialised value(s)
==62651==    at 0x14FBBD7F: ???
==62651==    by 0x9D70A7F: ???
==62651== 
==62651== Conditional jump or move depends on uninitialised value(s)
==62651==    at 0x14FBBD7F: ???
==62651==    by 0x99D7F6F: ???
==62651== 
==62651== Conditional jump or move depends on uninitialised value(s)
==62651==    at 0x14FBBD7F: ???
==62651==    by 0xEB26D2F: ???
==62651== 
==62651== Conditional jump or move depends on uninitialised value(s)
==62651==    at 0x14FBBD7F: ???
==62651==    by 0xF36249F: ???
==62651== 
==62651== Conditional jump or move depends on uninitialised value(s)
==62651==    at 0x14FBBD7F: ???
==62651==    by 0x9D2BC3F: ???
==62651== 
==62651== Conditional jump or move depends on uninitialised value(s)
==62651==    at 0x14FBBD7F: ???
==62651==    by 0xEB77AFF: ???
==62651== 
==62651== Conditional jump or move depends on uninitialised value(s)
==62651==    at 0x14FBBD7F: ???
==62651==    by 0xE94B47F: ???
==62651== 
==62651== Conditional jump or move depends on uninitialised value(s)
==62651==    at 0x14FBBD7F: ???
==62651==    by 0xEBB45AF: ???
==62651== 
==62651== Conditional jump or move depends on uninitialised value(s)
==62651==    at 0x14FBBD7F: ???
==62651==    by 0xEBB470F: ???
==62651== 
==62651== Conditional jump or move depends on uninitialised value(s)
==62651==    at 0x14FBBD7F: ???
==62651==    by 0xE8B31CF: ???
==62651== 
==62651== Conditional jump or move depends on uninitialised value(s)
==62651==    at 0x14FBBD7F: ???
==62651==    by 0xEBF242F: ???
==62651== 
==62651== Conditional jump or move depends on uninitialised value(s)
==62651==    at 0x14FBBD7F: ???
==62651==    by 0xF69C70F: ???
==62651== 
==62651== Conditional jump or move depends on uninitialised value(s)
==62651==    at 0x14FBBD7F: ???
==62651==    by 0xE8A662F: ???
==62651== 
==62651== Conditional jump or move depends on uninitialised value(s)
==62651==    at 0x14FBBDA5: ???
==62651==    by 0xEC3A66F: ???
==62651== 
==62651== Conditional jump or move depends on uninitialised value(s)
==62651==    at 0x14FBBD7F: ???
==62651==    by 0xEB8406F: ???
==62651== 
==62651== Conditional jump or move depends on uninitialised value(s)
==62651==    at 0x14FBBD7F: ???
==62651==    by 0xFB341CF: ???
==62651== 
==62651== Conditional jump or move depends on uninitialised value(s)
==62651==    at 0x14FBBD7F: ???
==62651==    by 0xF6331EF: ???
==62651== 
==62651== Conditional jump or move depends on uninitialised value(s)
==62651==    at 0x14FBBD7F: ???
==62651==    by 0xEC7A44F: ???
==62651== 
==62651== Conditional jump or move depends on uninitialised value(s)
==62651==    at 0x14FBBD7F: ???
==62651==    by 0xEC7AD9F: ???
==62651== 
==62651== Conditional jump or move depends on uninitialised value(s)
==62651==    at 0x14FBBD7F: ???
==62651==    by 0xEC7B4EF: ???
==62651== 
==62651== Conditional jump or move depends on uninitialised value(s)
==62651==    at 0x14FBBD7F: ???
==62651==    by 0xEC7BC6F: ???
==62651== 
==62651== Conditional jump or move depends on uninitialised value(s)
==62651==    at 0x14FBBD7F: ???
==62651==    by 0xEC7CA0F: ???
==62651== 
==62651== Conditional jump or move depends on uninitialised value(s)
==62651==    at 0x14FBBD7F: ???
==62651==    by 0xFEB589F: ???
==62651== 
==62651== Conditional jump or move depends on uninitialised value(s)
==62651==    at 0x14FBBD7F: ???
==62651==    by 0xFF2187F: ???
==62651== 
==62651== Conditional jump or move depends on uninitialised value(s)
==62651==    at 0x14FBBD7F: ???
==62651==    by 0xFF5B7FF: ???
==62651== 
==62651== Conditional jump or move depends on uninitialised value(s)
==62651==    at 0x14FBBD7F: ???
==62651==    by 0xFFF8DDF: ???
==62651== 
==62651== Conditional jump or move depends on uninitialised value(s)
==62651==    at 0x14FBBDA5: ???
==62651==    by 0xFE962DF: ???
==62651== 
==62651== Conditional jump or move depends on uninitialised value(s)
==62651==    at 0x14FBBDA5: ???
==62651==    by 0xFF878FF: ???
==62651== 
==62651== Conditional jump or move depends on uninitialised value(s)
==62651==    at 0x14FBBD7F: ???
==62651==    by 0xF80AAAF: ???
==62651== 
==62651== Conditional jump or move depends on uninitialised value(s)
==62651==    at 0x14FBBDA5: ???
==62651==    by 0xEF7D3CF: ???
==62651== 
==62651== Conditional jump or move depends on uninitialised value(s)
==62651==    at 0x14FBBD7F: ???
==62651==    by 0xFED855F: ???
==62651== 
==62651== Conditional jump or move depends on uninitialised value(s)
==62651==    at 0x14FBBD7F: ???
==62651==    by 0xFF75F1F: ???
==62651== 
==62651== Conditional jump or move depends on uninitialised value(s)
==62651==    at 0x14FBBDA5: ???
==62651==    by 0xEF8C91F: ???
==62651== 
==62651== Conditional jump or move depends on uninitialised value(s)
==62651==    at 0x14FBBD7F: ???
==62651==    by 0x9D5E0DF: ???
==62651== 
==62651== Conditional jump or move depends on uninitialised value(s)
==62651==    at 0x14FBBD7F: ???
==62651==    by 0xE8C2F0F: ???
==62651== 
==62651== Conditional jump or move depends on uninitialised value(s)
==62651==    at 0x14FBBDA5: ???
==62651==    by 0xEFE323F: ???
==62651== 
==62651== Conditional jump or move depends on uninitialised value(s)
==62651==    at 0x14FBBD7F: ???
==62651==    by 0xEFB85EF: ???
==62651== 
==62651== Conditional jump or move depends on uninitialised value(s)
==62651==    at 0x14FBBDA5: ???
==62651==    by 0xF00E51F: ???
==62651== 
==62651== Conditional jump or move depends on uninitialised value(s)
==62651==    at 0x14FBBD7F: ???
==62651==    by 0xF0413BF: ???
==62651== 
==62651== Conditional jump or move depends on uninitialised value(s)
==62651==    at 0x14FBBD7F: ???
==62651==    by 0xF07841F: ???
==62651== 
==62651== Conditional jump or move depends on uninitialised value(s)
==62651==    at 0x14FBBD7F: ???
==62651==    by 0xF07F68F: ???
==62651== 
==62651== Conditional jump or move depends on uninitialised value(s)
==62651==    at 0x14FBBD7F: ???
==62651==    by 0xF0815BF: ???
==62651== 
==62651== Conditional jump or move depends on uninitialised value(s)
==62651==    at 0x14FBBD7F: ???
==62651==    by 0xF081E1F: ???
==62651== 
==62651== Conditional jump or move depends on uninitialised value(s)
==62651==    at 0x14FBBD7F: ???
==62651==    by 0xF08239F: ???
==62651== 
==62651== Conditional jump or move depends on uninitialised value(s)
==62651==    at 0x14FBBD7F: ???
==62651==    by 0xF08003F: ???
==62651== 
==62651== Conditional jump or move depends on uninitialised value(s)
==62651==    at 0x14FBBD7F: ???
==62651==    by 0xF09CD1F: ???
==62651== 
==62651== Conditional jump or move depends on uninitialised value(s)
==62651==    at 0x14FBBD7F: ???
==62651==    by 0xF09594F: ???
==62651== 
==62651== Conditional jump or move depends on uninitialised value(s)
==62651==    at 0x14FBBD7F: ???
==62651==    by 0xF08F47F: ???
==62651== 
==62651== Conditional jump or move depends on uninitialised value(s)
==62651==    at 0x14FBBD7F: ???
==62651==    by 0xF0A13DF: ???
==62651== 
==62651== Conditional jump or move depends on uninitialised value(s)
==62651==    at 0x14FBBD7F: ???
==62651==    by 0xF0A0CFF: ???
==62651== 
==62651== Conditional jump or move depends on uninitialised value(s)
==62651==    at 0x14FBBD7F: ???
==62651==    by 0xF20FAAF: ???
==62651== 
==62651== Conditional jump or move depends on uninitialised value(s)
==62651==    at 0x14FBBD7F: ???
==62651==    by 0xF154C1F: ???
==62651== 
==62651== Conditional jump or move depends on uninitialised value(s)
==62651==    at 0x14FBBD7F: ???
==62651==    by 0xF2B7DEF: ???
==62651== 
==62651== Conditional jump or move depends on uninitialised value(s)
==62651==    at 0x14FBBD7F: ???
==62651==    by 0xF21474F: ???
==62651== 
==62651== Conditional jump or move depends on uninitialised value(s)
==62651==    at 0x14FBBD7F: ???
==62651==    by 0xF2906BF: ???
==62651== 
==62651== Conditional jump or move depends on uninitialised value(s)
==62651==    at 0x14FBBD7F: ???
==62651==    by 0xF27E1FF: ???
==62651== 
==62651== Conditional jump or move depends on uninitialised value(s)
==62651==    at 0x14FBBD7F: ???
==62651==    by 0xF42AF9F: ???
==62651== 
==62651== Conditional jump or move depends on uninitialised value(s)
==62651==    at 0x14FBBD7F: ???
==62651==    by 0xF3E209F: ???
==62651== 
==62651== Conditional jump or move depends on uninitialised value(s)
==62651==    at 0x14FBBD7F: ???
==62651==    by 0xF44354F: ???
==62651== 
==62651== Conditional jump or move depends on uninitialised value(s)
==62651==    at 0x14FBBD7F: ???
==62651==    by 0xF486F3F: ???
==62651== 
==62651== Conditional jump or move depends on uninitialised value(s)
==62651==    at 0x14FBBD7F: ???
==62651==    by 0xF2526DF: ???
==62651== 
==62651== Conditional jump or move depends on uninitialised value(s)
==62651==    at 0x14FBBD7F: ???
==62651==    by 0xF235C2F: ???
==62651== 
==62651== Conditional jump or move depends on uninitialised value(s)
==62651==    at 0x14FBBDA5: ???
==62651==    by 0xF4B923F: ???
==62651== 
==62651== Conditional jump or move depends on uninitialised value(s)
==62651==    at 0x14FBBD7F: ???
==62651==    by 0xF0D9C3F: ???
==62651== 
==62651== Conditional jump or move depends on uninitialised value(s)
==62651==    at 0x14FBBD7F: ???
==62651==    by 0xF56D40F: ???
==62651== 
==62651== Conditional jump or move depends on uninitialised value(s)
==62651==    at 0x14FBBD7F: ???
==62651==    by 0xE98B46F: ???
==62651== 
==62651== Conditional jump or move depends on uninitialised value(s)
==62651==    at 0x14FBBD7F: ???
==62651==    by 0xF4C861F: ???
==62651== 
==62651== Conditional jump or move depends on uninitialised value(s)
==62651==    at 0x14FBBD7F: ???
==62651==    by 0xF61A98F: ???
==62651== 
==62651== Conditional jump or move depends on uninitialised value(s)
==62651==    at 0x14FBBD7F: ???
==62651==    by 0xE9C3FBF: ???
==62651== 
==62651== Conditional jump or move depends on uninitialised value(s)
==62651==    at 0x14FBBD7F: ???
==62651==    by 0xF49957F: ???
==62651== 
==62651== Conditional jump or move depends on uninitialised value(s)
==62651==    at 0x14FBBD7F: ???
==62651==    by 0xF695AEF: ???
==62651== 
==62651== Conditional jump or move depends on uninitialised value(s)
==62651==    at 0x14FBBD7F: ???
==62651==    by 0xF5690BF: ???
==62651== 
==62651== Conditional jump or move depends on uninitialised value(s)
==62651==    at 0x14FBBD7F: ???
==62651==    by 0xF69670F: ???
==62651== 
==62651== Conditional jump or move depends on uninitialised value(s)
==62651==    at 0x14FBBD7F: ???
==62651==    by 0xF6B484F: ???
==62651== 
==62651== Conditional jump or move depends on uninitialised value(s)
==62651==    at 0x14FBBD7F: ???
==62651==    by 0xF71B29F: ???
==62651== 
==62651== Conditional jump or move depends on uninitialised value(s)
==62651==    at 0x14FBBDA5: ???
==62651==    by 0xF28214F: ???
==62651== 
==62651== Conditional jump or move depends on uninitialised value(s)
==62651==    at 0x14FBBDA5: ???
==62651==    by 0xF72411F: ???
==62651== 
==62651== Conditional jump or move depends on uninitialised value(s)
==62651==    at 0x14FBBD7F: ???
==62651==    by 0xF7120FF: ???
==62651== 
==62651== Conditional jump or move depends on uninitialised value(s)
==62651==    at 0x14FBBDA5: ???
==62651==    by 0xF5829AF: ???
==62651== 
==62651== Conditional jump or move depends on uninitialised value(s)
==62651==    at 0x14FBBD7F: ???
==62651==    by 0xF72684F: ???
==62651== 
==62651== Conditional jump or move depends on uninitialised value(s)
==62651==    at 0x14FBBD7F: ???
==62651==    by 0xF69DC9F: ???
==62651== 
==62651== Conditional jump or move depends on uninitialised value(s)
==62651==    at 0x14FBBDA5: ???
==62651==    by 0xF75C21F: ???
==62651== 
==62651== Conditional jump or move depends on uninitialised value(s)
==62651==    at 0x14FBBD7F: ???
==62651==    by 0xE9A631F: ???
==62651== 
==62651== Conditional jump or move depends on uninitialised value(s)
==62651==    at 0x14FBBD7F: ???
==62651==    by 0xF60F1FF: ???
==62651== 
==62651== Conditional jump or move depends on uninitialised value(s)
==62651==    at 0x14FBBDA5: ???
==62651==    by 0xF330DFF: ???
==62651== 
==62651== Conditional jump or move depends on uninitialised value(s)
==62651==    at 0x14FBBD7F: ???
==62651==    by 0xF64842F: ???
==62651== 
==62651== Thread 5 QSGRenderThread:
==62651== Invalid read of size 16
==62651==    at 0x14FBB10D: ???
==62651==    by 0xE92965F: ???
==62651==  Address 0xe92986e is 542 bytes inside a block of size 556 alloc'd
==62651==    at 0x4846828: malloc (in /usr/libexec/valgrind/vgpreload_memcheck-amd64-linux.so)
==62651==    by 0x5C62047: allocateData (qarraydata.cpp:139)
==62651==    by 0x5C62047: allocateHelper (qarraydata.cpp:181)
==62651==    by 0x5C62047: allocateHelper (qarraydata.cpp:157)
==62651==    by 0x5C62047: QArrayData::allocate2(QArrayData**, long long, QArrayData::AllocationOption) (qarraydata.cpp:220)
==62651==    by 0x5C2B3FC: allocate (qarraydata.h:139)
==62651==    by 0x5C2B3FC: QArrayDataPointer (qarraydatapointer.h:58)
==62651==    by 0x5C2B3FC: QString::reallocData(long long, QArrayData::AllocationOption) (qstring.cpp:2799)
==62651==    by 0x5C31A42: QString::replace(QRegularExpression const&, QString const&) (qstring.cpp:4729)
==62651==    by 0x24F3CFDB: renderButtonIcon (qwaylandadwaitadecoration.cpp:470)
==62651==    by 0x24F3CFDB: QtWaylandClient::QWaylandAdwaitaDecoration::drawButton(QtWaylandClient::QWaylandAdwaitaDecoration::Button, QPainter*) (qwaylandadwaitadecoration.cpp:514)
==62651==    by 0x24F3D6DF: QtWaylandClient::QWaylandAdwaitaDecoration::paint(QPaintDevice*) (qwaylandadwaitadecoration.cpp:203)
==62651==    by 0xA368CD8: QtWaylandClient::QWaylandAbstractDecoration::contentImage() (qwaylandabstractdecoration.cpp:95)
==62651==    by 0x14F9A848: QtWaylandClient::DecorationsBlitter::blit(QtWaylandClient::QWaylandEglWindow*) (qwaylandglcontext.cpp:168)
==62651==    by 0x14F9A15C: QtWaylandClient::QWaylandGLContext::swapBuffers(QPlatformSurface*) (qwaylandglcontext.cpp:389)
==62651==    by 0x54670BC: QRhiGles2::endFrame(QRhiSwapChain*, QFlags<QRhi::EndFrameFlag>) (qrhigles2.cpp:2166)
==62651==    by 0x52EABBB: QRhi::endFrame(QRhiSwapChain*, QFlags<QRhi::EndFrameFlag>) (qrhi.cpp:10878)
==62651==    by 0x145473FE: QSGRenderThread::syncAndRender() (qsgthreadedrenderloop.cpp:771)
==62651== 
==62651== Conditional jump or move depends on uninitialised value(s)
==62651==    at 0x14FBA6BE: ???
==62651==    by 0xE92965F: ???
==62651== 
==62651== Invalid read of size 16
==62651==    at 0x14FBB10D: ???
==62651==    by 0xF75DDAF: ???
==62651==  Address 0xf75dfbe is 542 bytes inside a block of size 556 alloc'd
==62651==    at 0x4846828: malloc (in /usr/libexec/valgrind/vgpreload_memcheck-amd64-linux.so)
==62651==    by 0x5C62047: allocateData (qarraydata.cpp:139)
==62651==    by 0x5C62047: allocateHelper (qarraydata.cpp:181)
==62651==    by 0x5C62047: allocateHelper (qarraydata.cpp:157)
==62651==    by 0x5C62047: QArrayData::allocate2(QArrayData**, long long, QArrayData::AllocationOption) (qarraydata.cpp:220)
==62651==    by 0x5C2B3FC: allocate (qarraydata.h:139)
==62651==    by 0x5C2B3FC: QArrayDataPointer (qarraydatapointer.h:58)
==62651==    by 0x5C2B3FC: QString::reallocData(long long, QArrayData::AllocationOption) (qstring.cpp:2799)
==62651==    by 0x5C31A42: QString::replace(QRegularExpression const&, QString const&) (qstring.cpp:4729)
==62651==    by 0x24F3CFDB: renderButtonIcon (qwaylandadwaitadecoration.cpp:470)
==62651==    by 0x24F3CFDB: QtWaylandClient::QWaylandAdwaitaDecoration::drawButton(QtWaylandClient::QWaylandAdwaitaDecoration::Button, QPainter*) (qwaylandadwaitadecoration.cpp:514)
==62651==    by 0x24F3D6DF: QtWaylandClient::QWaylandAdwaitaDecoration::paint(QPaintDevice*) (qwaylandadwaitadecoration.cpp:203)
==62651==    by 0xA368CD8: QtWaylandClient::QWaylandAbstractDecoration::contentImage() (qwaylandabstractdecoration.cpp:95)
==62651==    by 0x14F9A848: QtWaylandClient::DecorationsBlitter::blit(QtWaylandClient::QWaylandEglWindow*) (qwaylandglcontext.cpp:168)
==62651==    by 0x14F9A15C: QtWaylandClient::QWaylandGLContext::swapBuffers(QPlatformSurface*) (qwaylandglcontext.cpp:389)
==62651==    by 0x54670BC: QRhiGles2::endFrame(QRhiSwapChain*, QFlags<QRhi::EndFrameFlag>) (qrhigles2.cpp:2166)
==62651==    by 0x52EABBB: QRhi::endFrame(QRhiSwapChain*, QFlags<QRhi::EndFrameFlag>) (qrhi.cpp:10878)
==62651==    by 0x145473FE: QSGRenderThread::syncAndRender() (qsgthreadedrenderloop.cpp:771)
==62651== 
==62651== Conditional jump or move depends on uninitialised value(s)
==62651==    at 0x14FBA6BE: ???
==62651==    by 0xF75DDAF: ???
==62651== 
==62651== Invalid read of size 16
==62651==    at 0x14FBB10D: ???
==62651==    by 0xF2AC2AF: ???
==62651==  Address 0xf2ac4be is 542 bytes inside a block of size 556 alloc'd
==62651==    at 0x4846828: malloc (in /usr/libexec/valgrind/vgpreload_memcheck-amd64-linux.so)
==62651==    by 0x5C62047: allocateData (qarraydata.cpp:139)
==62651==    by 0x5C62047: allocateHelper (qarraydata.cpp:181)
==62651==    by 0x5C62047: allocateHelper (qarraydata.cpp:157)
==62651==    by 0x5C62047: QArrayData::allocate2(QArrayData**, long long, QArrayData::AllocationOption) (qarraydata.cpp:220)
==62651==    by 0x5C2B3FC: allocate (qarraydata.h:139)
==62651==    by 0x5C2B3FC: QArrayDataPointer (qarraydatapointer.h:58)
==62651==    by 0x5C2B3FC: QString::reallocData(long long, QArrayData::AllocationOption) (qstring.cpp:2799)
==62651==    by 0x5C31A42: QString::replace(QRegularExpression const&, QString const&) (qstring.cpp:4729)
==62651==    by 0x24F3CFDB: renderButtonIcon (qwaylandadwaitadecoration.cpp:470)
==62651==    by 0x24F3CFDB: QtWaylandClient::QWaylandAdwaitaDecoration::drawButton(QtWaylandClient::QWaylandAdwaitaDecoration::Button, QPainter*) (qwaylandadwaitadecoration.cpp:514)
==62651==    by 0x24F3D6DF: QtWaylandClient::QWaylandAdwaitaDecoration::paint(QPaintDevice*) (qwaylandadwaitadecoration.cpp:203)
==62651==    by 0xA368CD8: QtWaylandClient::QWaylandAbstractDecoration::contentImage() (qwaylandabstractdecoration.cpp:95)
==62651==    by 0x14F9A848: QtWaylandClient::DecorationsBlitter::blit(QtWaylandClient::QWaylandEglWindow*) (qwaylandglcontext.cpp:168)
==62651==    by 0x14F9A15C: QtWaylandClient::QWaylandGLContext::swapBuffers(QPlatformSurface*) (qwaylandglcontext.cpp:389)
==62651==    by 0x54670BC: QRhiGles2::endFrame(QRhiSwapChain*, QFlags<QRhi::EndFrameFlag>) (qrhigles2.cpp:2166)
==62651==    by 0x52EABBB: QRhi::endFrame(QRhiSwapChain*, QFlags<QRhi::EndFrameFlag>) (qrhi.cpp:10878)
==62651==    by 0x145473FE: QSGRenderThread::syncAndRender() (qsgthreadedrenderloop.cpp:771)
==62651== 
==62651== Conditional jump or move depends on uninitialised value(s)
==62651==    at 0x14FBA6BE: ???
==62651==    by 0xF2AC2AF: ???
==62651== 
==62651== Invalid read of size 16
==62651==    at 0x14FBB10D: ???
==62651==    by 0x100E0ECF: ???
==62651==  Address 0x100e10de is 542 bytes inside a block of size 556 alloc'd
==62651==    at 0x4846828: malloc (in /usr/libexec/valgrind/vgpreload_memcheck-amd64-linux.so)
==62651==    by 0x5C62047: allocateData (qarraydata.cpp:139)
==62651==    by 0x5C62047: allocateHelper (qarraydata.cpp:181)
==62651==    by 0x5C62047: allocateHelper (qarraydata.cpp:157)
==62651==    by 0x5C62047: QArrayData::allocate2(QArrayData**, long long, QArrayData::AllocationOption) (qarraydata.cpp:220)
==62651==    by 0x5C2B3FC: allocate (qarraydata.h:139)
==62651==    by 0x5C2B3FC: QArrayDataPointer (qarraydatapointer.h:58)
==62651==    by 0x5C2B3FC: QString::reallocData(long long, QArrayData::AllocationOption) (qstring.cpp:2799)
==62651==    by 0x5C31A42: QString::replace(QRegularExpression const&, QString const&) (qstring.cpp:4729)
==62651==    by 0x24F3CFDB: renderButtonIcon (qwaylandadwaitadecoration.cpp:470)
==62651==    by 0x24F3CFDB: QtWaylandClient::QWaylandAdwaitaDecoration::drawButton(QtWaylandClient::QWaylandAdwaitaDecoration::Button, QPainter*) (qwaylandadwaitadecoration.cpp:514)
==62651==    by 0x24F3D6DF: QtWaylandClient::QWaylandAdwaitaDecoration::paint(QPaintDevice*) (qwaylandadwaitadecoration.cpp:203)
==62651==    by 0xA368CD8: QtWaylandClient::QWaylandAbstractDecoration::contentImage() (qwaylandabstractdecoration.cpp:95)
==62651==    by 0x14F9A848: QtWaylandClient::DecorationsBlitter::blit(QtWaylandClient::QWaylandEglWindow*) (qwaylandglcontext.cpp:168)
==62651==    by 0x14F9A15C: QtWaylandClient::QWaylandGLContext::swapBuffers(QPlatformSurface*) (qwaylandglcontext.cpp:389)
==62651==    by 0x54670BC: QRhiGles2::endFrame(QRhiSwapChain*, QFlags<QRhi::EndFrameFlag>) (qrhigles2.cpp:2166)
==62651==    by 0x52EABBB: QRhi::endFrame(QRhiSwapChain*, QFlags<QRhi::EndFrameFlag>) (qrhi.cpp:10878)
==62651==    by 0x145473FE: QSGRenderThread::syncAndRender() (qsgthreadedrenderloop.cpp:771)
==62651== 
==62651== Conditional jump or move depends on uninitialised value(s)
==62651==    at 0x14FBA6BE: ???
==62651==    by 0x100E0ECF: ???
==62651== 
==62651== Invalid read of size 16
==62651==    at 0x14FBB10D: ???
==62651==    by 0xFFE923F: ???
==62651==  Address 0xffe944e is 542 bytes inside a block of size 556 alloc'd
==62651==    at 0x4846828: malloc (in /usr/libexec/valgrind/vgpreload_memcheck-amd64-linux.so)
==62651==    by 0x5C62047: allocateData (qarraydata.cpp:139)
==62651==    by 0x5C62047: allocateHelper (qarraydata.cpp:181)
==62651==    by 0x5C62047: allocateHelper (qarraydata.cpp:157)
==62651==    by 0x5C62047: QArrayData::allocate2(QArrayData**, long long, QArrayData::AllocationOption) (qarraydata.cpp:220)
==62651==    by 0x5C2B3FC: allocate (qarraydata.h:139)
==62651==    by 0x5C2B3FC: QArrayDataPointer (qarraydatapointer.h:58)
==62651==    by 0x5C2B3FC: QString::reallocData(long long, QArrayData::AllocationOption) (qstring.cpp:2799)
==62651==    by 0x5C31A42: QString::replace(QRegularExpression const&, QString const&) (qstring.cpp:4729)
==62651==    by 0x24F3CFDB: renderButtonIcon (qwaylandadwaitadecoration.cpp:470)
==62651==    by 0x24F3CFDB: QtWaylandClient::QWaylandAdwaitaDecoration::drawButton(QtWaylandClient::QWaylandAdwaitaDecoration::Button, QPainter*) (qwaylandadwaitadecoration.cpp:514)
==62651==    by 0x24F3D6DF: QtWaylandClient::QWaylandAdwaitaDecoration::paint(QPaintDevice*) (qwaylandadwaitadecoration.cpp:203)
==62651==    by 0xA368CD8: QtWaylandClient::QWaylandAbstractDecoration::contentImage() (qwaylandabstractdecoration.cpp:95)
==62651==    by 0x14F9A848: QtWaylandClient::DecorationsBlitter::blit(QtWaylandClient::QWaylandEglWindow*) (qwaylandglcontext.cpp:168)
==62651==    by 0x14F9A15C: QtWaylandClient::QWaylandGLContext::swapBuffers(QPlatformSurface*) (qwaylandglcontext.cpp:389)
==62651==    by 0x54670BC: QRhiGles2::endFrame(QRhiSwapChain*, QFlags<QRhi::EndFrameFlag>) (qrhigles2.cpp:2166)
==62651==    by 0x52EABBB: QRhi::endFrame(QRhiSwapChain*, QFlags<QRhi::EndFrameFlag>) (qrhi.cpp:10878)
==62651==    by 0x145473FE: QSGRenderThread::syncAndRender() (qsgthreadedrenderloop.cpp:771)
==62651== 
==62651== Conditional jump or move depends on uninitialised value(s)
==62651==    at 0x14FBA6BE: ???
==62651==    by 0xFFE923F: ???
==62651== 
